2024-05-21 15:01:25,170 [INFO] Activator:176 - 


2024-05-21 15:01:25,174 [INFO] Activator:177 - !SESSION log4j initialized
2024-05-21 15:01:30,119 [INFO] LogOutputStream:77 - [STDOUT_REDIRECT] 
2024-05-21 15:01:33,966 [INFO] ApplicationProperties:184 - Using Application install path: C:\ST\STM32CubeIDE_1.14.1\STM32CubeIDE\plugins\com.st.stm32cube.common.mx_6.10.0.202311202037
2024-05-21 15:01:33,992 [INFO] DbMcusXml:78 - Set database path to: C:\ST\STM32CubeIDE_1.14.1\STM32CubeIDE\plugins\com.st.stm32cube.common.mx_6.10.0.202311202037\\db\/mcu/
2024-05-21 15:01:33,992 [INFO] ApiDb:274 - Set plugin database path to: C:\ST\STM32CubeIDE_1.14.1\STM32CubeIDE\plugins\com.st.stm32cube.common.mx_6.10.0.202311202037\\db\/plugins/boardmanager/
2024-05-21 15:01:33,993 [WARN] ApiDb:259 - Overriding images path with different value:  => C:\ST\STM32CubeIDE_1.14.1\STM32CubeIDE\plugins\com.st.stm32cube.common.mx_6.10.0.202311202037\\db\/plugins/mcufinder/images/
2024-05-21 15:01:34,003 [INFO] ApiDb:250 - Set database path to: C:\Users\Minh Anh\.stmcufinder\plugins\mcufinder//mcu/
2024-05-21 15:01:34,005 [INFO] DbMcusAds:125 - Set database path to: C:\Users\Minh Anh\.stmcufinder\plugins\mcufinder//mcu/
2024-05-21 15:01:34,888 [INFO] CrossReferenceDbSqlite:203 - Set database path to: C:\Users\Minh Anh\.stmcufinder\plugins\mcufinder//mcu/cs/
2024-05-21 15:01:35,085 [INFO] RulesReader:64 - Compatibility file has been processed (297 Rules)
2024-05-21 15:01:35,194 [INFO] DbMcusXml:78 - Set database path to: C:\ST\STM32CubeIDE_1.14.1\STM32CubeIDE\plugins\com.st.stm32cube.common.mx_6.10.0.202311202037\\db\/mcu/
2024-05-21 15:01:35,195 [INFO] ApiDb:274 - Set plugin database path to: C:\ST\STM32CubeIDE_1.14.1\STM32CubeIDE\plugins\com.st.stm32cube.common.mx_6.10.0.202311202037\\db\/plugins/boardmanager/
2024-05-21 15:01:35,195 [INFO] ApiDb:261 - Set plugin images path to: C:\ST\STM32CubeIDE_1.14.1\STM32CubeIDE\plugins\com.st.stm32cube.common.mx_6.10.0.202311202037\\db\/plugins/mcufinder/images/
2024-05-21 15:01:35,195 [WARN] DbFile:41 - Overriding database path with different value: C:\Users\Minh Anh\.stmcufinder\plugins\mcufinder/ => C:\Users\Minh Anh\.stmcufinder\plugins\mcufinder
2024-05-21 15:01:35,196 [INFO] ApiDb:250 - Set database path to: C:\Users\Minh Anh\.stmcufinder\plugins\mcufinder//mcu/
2024-05-21 15:01:35,196 [WARN] DbFile:41 - Overriding database path with different value: C:\Users\Minh Anh\.stmcufinder\plugins\mcufinder/ => C:\Users\Minh Anh\.stmcufinder\plugins\mcufinder
2024-05-21 15:01:35,196 [INFO] DbMcusAds:125 - Set database path to: C:\Users\Minh Anh\.stmcufinder\plugins\mcufinder//mcu/
2024-05-21 15:01:35,196 [WARN] DbFile:41 - Overriding database path with different value: C:\Users\Minh Anh\.stmcufinder\plugins\mcufinder/ => C:\Users\Minh Anh\.stmcufinder\plugins\mcufinder
2024-05-21 15:01:35,196 [WARN] DbFile:41 - Overriding database path with different value: C:\Users\Minh Anh\.stmcufinder\plugins\mcufinder/ => C:\Users\Minh Anh\.stmcufinder\plugins\mcufinder
2024-05-21 15:01:35,887 [INFO] CrossReferenceDbSqlite:203 - Set database path to: C:\Users\Minh Anh\.stmcufinder\plugins\mcufinder//mcu/cs/
2024-05-21 15:01:36,008 [INFO] MainPanel:264 - HeapMemory: 268435456
2024-05-21 15:01:36,123 [INFO] DbMcusXml:78 - Set database path to: C:\ST\STM32CubeIDE_1.14.1\STM32CubeIDE\plugins\com.st.stm32cube.common.mx_6.10.0.202311202037\\db\/mcu/
2024-05-21 15:01:36,123 [INFO] ApiDb:274 - Set plugin database path to: C:\ST\STM32CubeIDE_1.14.1\STM32CubeIDE\plugins\com.st.stm32cube.common.mx_6.10.0.202311202037\\db\/plugins/boardmanager/
2024-05-21 15:01:36,123 [INFO] ApiDb:261 - Set plugin images path to: C:\ST\STM32CubeIDE_1.14.1\STM32CubeIDE\plugins\com.st.stm32cube.common.mx_6.10.0.202311202037\\db\/plugins/mcufinder/images/
2024-05-21 15:01:36,123 [WARN] DbFile:41 - Overriding database path with different value: C:\Users\Minh Anh\.stmcufinder\plugins\mcufinder/ => C:\Users\Minh Anh\.stmcufinder\plugins\mcufinder
2024-05-21 15:01:36,124 [INFO] ApiDb:250 - Set database path to: C:\Users\Minh Anh\.stmcufinder\plugins\mcufinder//mcu/
2024-05-21 15:01:36,124 [WARN] DbFile:41 - Overriding database path with different value: C:\Users\Minh Anh\.stmcufinder\plugins\mcufinder/ => C:\Users\Minh Anh\.stmcufinder\plugins\mcufinder
2024-05-21 15:01:36,124 [INFO] DbMcusAds:125 - Set database path to: C:\Users\Minh Anh\.stmcufinder\plugins\mcufinder//mcu/
2024-05-21 15:01:36,124 [WARN] DbFile:41 - Overriding database path with different value: C:\Users\Minh Anh\.stmcufinder\plugins\mcufinder/ => C:\Users\Minh Anh\.stmcufinder\plugins\mcufinder
2024-05-21 15:01:36,124 [WARN] DbFile:41 - Overriding database path with different value: C:\Users\Minh Anh\.stmcufinder\plugins\mcufinder/ => C:\Users\Minh Anh\.stmcufinder\plugins\mcufinder
2024-05-21 15:01:36,887 [INFO] CrossReferenceDbSqlite:203 - Set database path to: C:\Users\Minh Anh\.stmcufinder\plugins\mcufinder//mcu/cs/
2024-05-21 15:01:36,930 [INFO] ApplicationProperties:184 - Using Application install path: C:\ST\STM32CubeIDE_1.14.1\STM32CubeIDE\plugins\com.st.stm32cube.common.mx_6.10.0.202311202037
2024-05-21 15:01:36,933 [INFO] PluginManage:196 - Search for loadable plugins [exclusion list=, ]
2024-05-21 15:01:36,935 [INFO] PluginManage:310 - Check plugin analytics
2024-05-21 15:01:38,025 [INFO] AnalyticsPlugin:253 - Accepted Software Licenses: 
2024-05-21 15:01:38,026 [INFO] AnalyticsPlugin:255 - Accepted CMSIS Pack Licenses: 
2024-05-21 15:01:38,026 [INFO] AnalyticsPlugin:257 - Accepted Firmware Licenses: 
2024-05-21 15:01:38,030 [INFO] PluginManage:359 - Loaded plugin analytics (category:tool,tabindex:-1)
2024-05-21 15:01:38,031 [INFO] PluginManage:310 - Check plugin cadmodel
2024-05-21 15:01:38,056 [INFO] CADModel:105 - Init CAD model plugin
2024-05-21 15:01:38,057 [INFO] PluginManage:359 - Loaded plugin cadmodel (category:power,tabindex:5)
2024-05-21 15:01:38,057 [INFO] PluginManage:310 - Check plugin clock
2024-05-21 15:01:38,086 [INFO] PluginManage:359 - Loaded plugin clock (category:base,tabindex:2)
2024-05-21 15:01:38,086 [INFO] PluginManage:310 - Check plugin ddr
2024-05-21 15:01:38,089 [INFO] PluginManage:359 - Loaded plugin ddr (category:tool,tabindex:6)
2024-05-21 15:01:38,090 [INFO] PluginManage:310 - Check plugin filemanager
2024-05-21 15:01:38,309 [INFO] PluginManage:359 - Loaded plugin filemanager (category:base,tabindex:10)
2024-05-21 15:01:38,309 [INFO] PluginManage:310 - Check plugin ipmanager
2024-05-21 15:01:38,322 [INFO] PluginManage:359 - Loaded plugin ipmanager (category:base,tabindex:5)
2024-05-21 15:01:38,323 [INFO] PluginManage:310 - Check plugin lpbam
2024-05-21 15:01:38,349 [INFO] PluginManage:359 - Loaded plugin lpbam (category:base,tabindex:0)
2024-05-21 15:01:38,350 [INFO] PluginManage:310 - Check plugin memorymap
2024-05-21 15:01:38,382 [INFO] PluginManage:359 - Loaded plugin memorymap (category:base,tabindex:4)
2024-05-21 15:01:38,382 [INFO] PluginManage:310 - Check plugin pinoutandconfiguration
2024-05-21 15:01:38,406 [INFO] PluginManage:359 - Loaded plugin pinoutandconfiguration (category:base,tabindex:1)
2024-05-21 15:01:38,407 [INFO] PluginManage:310 - Check plugin pinoutconfig
2024-05-21 15:01:38,620 [WARN] SupportedApi:132 - Cannot load RTOS API schema: s4s-elt-must-match.1: The content of 'definitions' must match (annotation?, (simpleType | complexType)?, (unique | key | keyref)*)). A problem was found starting at: attribute.
2024-05-21 15:01:38,792 [INFO] PluginManage:359 - Loaded plugin pinoutconfig (category:base,tabindex:0)
2024-05-21 15:01:38,792 [INFO] PluginManage:310 - Check plugin power
2024-05-21 15:01:38,815 [INFO] PluginManage:359 - Loaded plugin power (category:power,tabindex:4)
2024-05-21 15:01:38,815 [INFO] PluginManage:310 - Check plugin projectmanager
2024-05-21 15:01:38,837 [INFO] PluginManage:359 - Loaded plugin projectmanager (category:projectmanager,tabindex:3)
2024-05-21 15:01:38,838 [INFO] PluginManage:310 - Check plugin thirdparty
2024-05-21 15:01:39,207 [INFO] PluginManage:359 - Loaded plugin thirdparty (category:base,tabindex:-1)
2024-05-21 15:01:39,207 [INFO] PluginManage:310 - Check plugin tools
2024-05-21 15:01:39,208 [WARN] IntegrityCheckThread:84 - waiting for thirdparty lock release [integrity check]
2024-05-21 15:01:39,208 [INFO] IntegrityCheckThread:86 - entering critical section [integrity check]
2024-05-21 15:01:39,209 [INFO] ThirdPartyUpdaterWithRetryManager:70 - Updater plugin not ready yet. [1/15]
2024-05-21 15:01:39,249 [INFO] PluginManage:359 - Loaded plugin tools (category:base,tabindex:7)
2024-05-21 15:01:39,249 [INFO] PluginManage:310 - Check plugin tutovideos
2024-05-21 15:01:39,493 [INFO] PluginManage:359 - Loaded plugin tutovideos (category:base,tabindex:-1)
2024-05-21 15:01:39,494 [INFO] PluginManage:310 - Check plugin updater
2024-05-21 15:01:39,508 [INFO] PluginManage:359 - Loaded plugin updater (category:base,tabindex:12)
2024-05-21 15:01:39,508 [INFO] PluginManage:310 - Check plugin userauth
2024-05-21 15:01:39,516 [INFO] UserAuth:114 - Init User Auth plugin
2024-05-21 15:01:39,516 [INFO] PluginManage:359 - Loaded plugin userauth (category:base,tabindex:14)
2024-05-21 15:01:39,517 [INFO] PluginManage:283 - PluginManage : Loaded plugins [17]
2024-05-21 15:01:39,783 [INFO] PinOutPanel:1499 - setPackage(No Configuration,No Configuration)
2024-05-21 15:01:39,876 [INFO] CADModel:165 - CPN selected for project level
2024-05-21 15:01:39,876 [INFO] CADModel:114 - Register for checkConnection events
2024-05-21 15:01:39,908 [INFO] IPUIPlugin:80 - create IPUIPlugin
2024-05-21 15:01:39,908 [INFO] PluginManager:220 - loadIPPluginJar : add adc
2024-05-21 15:01:39,948 [INFO] IPUIPlugin:80 - create IPUIPlugin
2024-05-21 15:01:39,948 [INFO] PluginManager:220 - loadIPPluginJar : add aes
2024-05-21 15:01:39,990 [INFO] IPUIPlugin:80 - create IPUIPlugin
2024-05-21 15:01:39,990 [INFO] PluginManager:220 - loadIPPluginJar : add can
2024-05-21 15:01:40,015 [INFO] IPUIPlugin:80 - create IPUIPlugin
2024-05-21 15:01:40,015 [INFO] PluginManager:220 - loadIPPluginJar : add comp
2024-05-21 15:01:40,050 [INFO] IPUIPlugin:80 - create IPUIPlugin
2024-05-21 15:01:40,050 [INFO] PluginManager:220 - loadIPPluginJar : add cryp
2024-05-21 15:01:40,090 [INFO] IPUIPlugin:80 - create IPUIPlugin
2024-05-21 15:01:40,090 [INFO] PluginManager:220 - loadIPPluginJar : add dfsdm
2024-05-21 15:01:40,106 [INFO] IPUIPlugin:80 - create IPUIPlugin
2024-05-21 15:01:40,107 [INFO] PluginManager:220 - loadIPPluginJar : add dma
2024-05-21 15:01:40,148 [INFO] IPUIPlugin:80 - create IPUIPlugin
2024-05-21 15:01:40,149 [INFO] PluginManager:220 - loadIPPluginJar : add dma3
2024-05-21 15:01:40,172 [INFO] IPUIPlugin:80 - create IPUIPlugin
2024-05-21 15:01:40,172 [INFO] PluginManager:220 - loadIPPluginJar : add fatfs
2024-05-21 15:01:40,225 [INFO] IPUIPlugin:80 - create IPUIPlugin
2024-05-21 15:01:40,226 [INFO] PluginManager:220 - loadIPPluginJar : add fmc
2024-05-21 15:01:40,248 [INFO] IPUIPlugin:80 - create IPUIPlugin
2024-05-21 15:01:40,249 [INFO] PluginManager:220 - loadIPPluginJar : add freertos
2024-05-21 15:01:40,290 [INFO] IPUIPlugin:80 - create IPUIPlugin
2024-05-21 15:01:40,290 [INFO] PluginManager:220 - loadIPPluginJar : add genericplugin
2024-05-21 15:01:40,406 [INFO] IPUIPlugin:80 - create IPUIPlugin
2024-05-21 15:01:40,406 [INFO] PluginManager:220 - loadIPPluginJar : add gfxmmu
2024-05-21 15:01:40,556 [INFO] IPUIPlugin:80 - create IPUIPlugin
2024-05-21 15:01:40,556 [INFO] PluginManager:220 - loadIPPluginJar : add gic
2024-05-21 15:01:40,581 [INFO] IPUIPlugin:80 - create IPUIPlugin
2024-05-21 15:01:40,581 [INFO] PluginManager:220 - loadIPPluginJar : add gpio
2024-05-21 15:01:40,677 [INFO] IPUIPlugin:80 - create IPUIPlugin
2024-05-21 15:01:40,677 [INFO] PluginManager:220 - loadIPPluginJar : add gtzc
2024-05-21 15:01:40,716 [INFO] IPUIPlugin:80 - create IPUIPlugin
2024-05-21 15:01:40,716 [INFO] PluginManager:220 - loadIPPluginJar : add hash
2024-05-21 15:01:40,799 [INFO] IPUIPlugin:80 - create IPUIPlugin
2024-05-21 15:01:40,800 [INFO] PluginManager:220 - loadIPPluginJar : add i2c
2024-05-21 15:01:40,839 [INFO] IPUIPlugin:80 - create IPUIPlugin
2024-05-21 15:01:40,839 [INFO] PluginManager:220 - loadIPPluginJar : add i2s
2024-05-21 15:01:40,881 [INFO] IPUIPlugin:80 - create IPUIPlugin
2024-05-21 15:01:40,881 [INFO] PluginManager:220 - loadIPPluginJar : add i3c
2024-05-21 15:01:40,988 [INFO] IPUIPlugin:80 - create IPUIPlugin
2024-05-21 15:01:40,988 [INFO] PluginManager:220 - loadIPPluginJar : add ipddr
2024-05-21 15:01:41,081 [INFO] IPUIPlugin:80 - create IPUIPlugin
2024-05-21 15:01:41,082 [INFO] PluginManager:220 - loadIPPluginJar : add linkedlist
2024-05-21 15:01:41,139 [INFO] IPUIPlugin:80 - create IPUIPlugin
2024-05-21 15:01:41,139 [INFO] PluginManager:220 - loadIPPluginJar : add lorawan
2024-05-21 15:01:41,180 [INFO] IPUIPlugin:80 - create IPUIPlugin
2024-05-21 15:01:41,180 [INFO] PluginManager:220 - loadIPPluginJar : add ltdc
2024-05-21 15:01:41,200 [INFO] IPUIPlugin:80 - create IPUIPlugin
2024-05-21 15:01:41,200 [INFO] PluginManager:220 - loadIPPluginJar : add mdma
2024-05-21 15:01:41,217 [INFO] IPUIPlugin:80 - create IPUIPlugin
2024-05-21 15:01:41,217 [INFO] PluginManager:220 - loadIPPluginJar : add nvic
2024-05-21 15:01:41,268 [INFO] IPUIPlugin:80 - create IPUIPlugin
2024-05-21 15:01:41,268 [INFO] PluginManager:220 - loadIPPluginJar : add opamp
2024-05-21 15:01:41,360 [INFO] IPUIPlugin:80 - create IPUIPlugin
2024-05-21 15:01:41,361 [INFO] PluginManager:220 - loadIPPluginJar : add openamp
2024-05-21 15:01:41,412 [INFO] IPUIPlugin:80 - create IPUIPlugin
2024-05-21 15:01:41,412 [INFO] PluginManager:220 - loadIPPluginJar : add pdm2pcm
2024-05-21 15:01:41,431 [INFO] IPUIPlugin:80 - create IPUIPlugin
2024-05-21 15:01:41,434 [INFO] PluginManager:220 - loadIPPluginJar : add plateformsettings
2024-05-21 15:01:41,461 [INFO] IPUIPlugin:80 - create IPUIPlugin
2024-05-21 15:01:41,461 [INFO] PluginManager:220 - loadIPPluginJar : add quadspi
2024-05-21 15:01:41,477 [INFO] IPUIPlugin:80 - create IPUIPlugin
2024-05-21 15:01:41,477 [INFO] PluginManager:220 - loadIPPluginJar : add resmgrutility
2024-05-21 15:01:41,527 [INFO] IPUIPlugin:80 - create IPUIPlugin
2024-05-21 15:01:41,527 [INFO] PluginManager:220 - loadIPPluginJar : add sai
2024-05-21 15:01:41,567 [INFO] IPUIPlugin:80 - create IPUIPlugin
2024-05-21 15:01:41,567 [INFO] PluginManager:220 - loadIPPluginJar : add spi
2024-05-21 15:01:41,638 [INFO] IPUIPlugin:80 - create IPUIPlugin
2024-05-21 15:01:41,638 [INFO] PluginManager:220 - loadIPPluginJar : add stm32_wpan
2024-05-21 15:01:41,662 [INFO] IPUIPlugin:80 - create IPUIPlugin
2024-05-21 15:01:41,662 [INFO] PluginManager:220 - loadIPPluginJar : add tim
2024-05-21 15:01:41,720 [INFO] IPUIPlugin:80 - create IPUIPlugin
2024-05-21 15:01:41,720 [INFO] PluginManager:220 - loadIPPluginJar : add touchsensing
2024-05-21 15:01:41,762 [INFO] IPUIPlugin:80 - create IPUIPlugin
2024-05-21 15:01:41,762 [INFO] PluginManager:220 - loadIPPluginJar : add tracer_emb
2024-05-21 15:01:41,785 [INFO] IPUIPlugin:80 - create IPUIPlugin
2024-05-21 15:01:41,785 [INFO] PluginManager:220 - loadIPPluginJar : add ts
2024-05-21 15:01:41,807 [INFO] IPUIPlugin:80 - create IPUIPlugin
2024-05-21 15:01:41,807 [INFO] PluginManager:220 - loadIPPluginJar : add tsc
2024-05-21 15:01:41,831 [INFO] IPUIPlugin:80 - create IPUIPlugin
2024-05-21 15:01:41,831 [INFO] PluginManager:220 - loadIPPluginJar : add ucpd
2024-05-21 15:01:41,883 [INFO] IPUIPlugin:80 - create IPUIPlugin
2024-05-21 15:01:41,884 [INFO] PluginManager:220 - loadIPPluginJar : add usart
2024-05-21 15:01:41,939 [INFO] IPUIPlugin:80 - create IPUIPlugin
2024-05-21 15:01:41,939 [INFO] PluginManager:220 - loadIPPluginJar : add usbx
2024-05-21 15:01:42,088 [INFO] CADModel:165 - CPN selected for project level
2024-05-21 15:01:42,088 [INFO] CADModel:114 - Register for checkConnection events
2024-05-21 15:01:42,088 [FATAL] Updater:308 - Updater called before beeing initialized
2024-05-21 15:01:42,089 [ERROR] CADModel:125 - Updater not yet initialized, retry later 
2024-05-21 15:01:42,211 [INFO] ThirdPartyUpdaterWithRetryManager:70 - Updater plugin not ready yet. [2/15]
2024-05-21 15:01:42,340 [INFO] CADModel:165 - CPN selected for project level
2024-05-21 15:01:42,340 [INFO] CADModel:114 - Register for checkConnection events
2024-05-21 15:01:42,340 [FATAL] Updater:308 - Updater called before beeing initialized
2024-05-21 15:01:42,340 [ERROR] CADModel:125 - Updater not yet initialized, retry later 
2024-05-21 15:01:42,345 [FATAL] Updater:308 - Updater called before beeing initialized
2024-05-21 15:01:42,523 [FATAL] Updater:308 - Updater called before beeing initialized
2024-05-21 15:01:42,539 [INFO] DbMcusAds:53 - JSON generation date=Thu May 02 15:37:29 ICT 2024 (1714639049318)
2024-05-21 15:01:42,540 [FATAL] Updater:308 - Updater called before beeing initialized
2024-05-21 15:01:42,661 [WARN] DetailPanel:346 - Failed to get advertising image, set to default
2024-05-21 15:01:42,788 [FATAL] Updater:308 - Updater called before beeing initialized
2024-05-21 15:01:42,791 [FATAL] Updater:308 - Updater called before beeing initialized
2024-05-21 15:01:42,791 [FATAL] Updater:308 - Updater called before beeing initialized
2024-05-21 15:01:42,791 [WARN] DetailPanel:346 - Failed to get advertising image, set to default
2024-05-21 15:01:42,792 [FATAL] Updater:308 - Updater called before beeing initialized
2024-05-21 15:01:42,888 [ERROR] Updater:1120 - MainUpdater not yet initialized. External WinMGr cannot be set.
2024-05-21 15:01:42,905 [INFO] Updater:1056 - Updater Version found : 6.10.0
2024-05-21 15:01:42,938 [INFO] ApplicationProperties:184 - Using Application install path: C:\ST\STM32CubeIDE_1.14.1\STM32CubeIDE\plugins\com.st.stm32cube.common.mx_6.10.0.202311202037
2024-05-21 15:01:44,532 [ERROR] LogOutputStream:75 - [STDERR_REDIRECT] May 21, 2024 3:01:44 PM java.util.prefs.WindowsPreferences <init>
2024-05-21 15:01:44,534 [ERROR] LogOutputStream:75 - [STDERR_REDIRECT] WARNING: Could not open/create prefs root node Software\JavaSoft\Prefs at root 0xffffffff80000002. Windows RegCreateKeyEx(...) returned error code 5.
2024-05-21 15:01:44,535 [ERROR] LogOutputStream:75 - [STDERR_REDIRECT] 
2024-05-21 15:01:45,127 [INFO] MainUpdater:2873 - connection check result : 10
2024-05-21 15:01:45,127 [INFO] MainUpdater:3567 - Updater definition file requires update
2024-05-21 15:01:45,128 [INFO] MainUpdater:290 - Updater Check For Update Now.
2024-05-21 15:01:45,129 [INFO] MicroXplorer:498 - Change Database Version : DB.6.0.100
2024-05-21 15:01:45,174 [INFO] McuFinderGlobals:63 - Set McuFinder mode to 2 (CubeIDE integrated)
2024-05-21 15:01:45,212 [WARN] MainUpdater:1194 - Updater busy. Cannot search thirdparties
2024-05-21 15:01:45,212 [INFO] ThirdPartyUpdaterWithRetryManager:96 - Updater plugin is busy. [1/15]
2024-05-21 15:01:45,272 [INFO] ServerAccessManage:473 - Download File updaters.zip
2024-05-21 15:01:45,597 [INFO] FileExtend:240 - Unzip File : updaters.zip
2024-05-21 15:01:45,597 [INFO] FileExtend:255 - Standard Zip Deflate
2024-05-21 15:01:45,766 [INFO] UserAuth:404 - Internet connection configuration mode: 1
2024-05-21 15:01:45,841 [INFO] JxBrowserEngine:152 - Initiate JxBrowser Engine with user profile folder
2024-05-21 15:01:46,360 [INFO] ServerAccessManage:473 - Download File PacksControlFlags.xml
2024-05-21 15:01:46,560 [INFO] ServerAccessManage:473 - Download File cubemx.pidx
2024-05-21 15:01:47,547 [INFO] ServerAccessManage:473 - Download File STMicroelectronics.X-CUBE-ALS.pdsc
2024-05-21 15:01:48,215 [WARN] MainUpdater:1194 - Updater busy. Cannot search thirdparties
2024-05-21 15:01:48,215 [INFO] ThirdPartyUpdaterWithRetryManager:96 - Updater plugin is busy. [2/15]
2024-05-21 15:01:50,089 [WARN] PackLoader:240 - Cannot read IP mode file for STMicroelectronics.X-CUBE-ALS.1.0.2
2024-05-21 15:01:50,095 [INFO] PopulateThirdPartyThread:66 - Ending populate Thread
2024-05-21 15:01:50,097 [INFO] ThirdParty:1030 - CMSIS Pack Vendor :STMicroelectronics X-CUBE-ALS 1.0.2
2024-05-21 15:01:50,098 [INFO] LoadServerUpdatesThread:375 - End of LoadServerUpdate Thread
2024-05-21 15:01:50,275 [INFO] CheckServerUpdateThread:120 - End of CheckServer Thread
2024-05-21 15:01:51,531 [WARN] PackLoader:240 - Cannot read IP mode file for STMicroelectronics.FP-SNS-MOTENVWB1.1.4.0
2024-05-21 15:01:51,565 [WARN] PackLoader:240 - Cannot read IP mode file for STMicroelectronics.X-CUBE-SMBUS.2.1.0
2024-05-21 15:01:51,576 [INFO] WebApp:161 - Instantiating new browser for Auth
2024-05-21 15:01:51,593 [WARN] PackLoader:240 - Cannot read IP mode file for STMicroelectronics.X-CUBE-TOUCHGFX.4.23.1
2024-05-21 15:01:51,658 [WARN] PackLoader:240 - Cannot read IP mode file for STMicroelectronics.X-CUBE-TOUCHGFX.4.23.0
2024-05-21 15:01:51,776 [WARN] PackLoader:240 - Cannot read IP mode file for STMicroelectronics.X-CUBE-TOUCHGFX.4.23.2
2024-05-21 15:01:51,871 [WARN] PackLoader:240 - Cannot read IP mode file for STMicroelectronics.X-CUBE-AZRTOS-F7.1.1.0
2024-05-21 15:01:51,917 [WARN] PackLoader:240 - Cannot read IP mode file for STMicroelectronics.FP-SNS-MOTENV1.4.3.2
2024-05-21 15:01:51,938 [WARN] PackLoader:240 - Cannot read IP mode file for STMicroelectronics.FP-SNS-FLIGHT1.5.0.2
2024-05-21 15:01:51,977 [WARN] PackLoader:240 - Cannot read IP mode file for STMicroelectronics.X-CUBE-DISPLAY.3.0.0
2024-05-21 15:01:52,022 [WARN] PackLoader:240 - Cannot read IP mode file for STMicroelectronics.X-CUBE-BLE1.7.0.0
2024-05-21 15:01:52,054 [WARN] PackLoader:240 - Cannot read IP mode file for emotas.I-CUBE-CANOPEN.1.3.0
2024-05-21 15:01:52,098 [WARN] PackLoader:240 - Cannot read IP mode file for STMicroelectronics.X-CUBE-BLEMGR.3.1.0
2024-05-21 15:01:52,133 [WARN] PackLoader:240 - Cannot read IP mode file for STMicroelectronics.FP-SNS-SMARTAG2.1.2.0
2024-05-21 15:01:52,171 [INFO] LogOutputStream:77 - [STDOUT_REDIRECT] 1 : Invalid condition id : UX_CORESTACK_Condition cause : null
2024-05-21 15:01:52,172 [INFO] LogOutputStream:77 - [STDOUT_REDIRECT] 1 : Invalid condition id : UX_CORESTACK_Condition cause : null
2024-05-21 15:01:52,174 [INFO] LogOutputStream:77 - [STDOUT_REDIRECT] 1 : Invalid condition id : UX_CORESTACK_Condition cause : null
2024-05-21 15:01:52,177 [INFO] LogOutputStream:77 - [STDOUT_REDIRECT] 1 : Invalid condition id : UX_CORESTACK_Condition cause : null
2024-05-21 15:01:52,179 [INFO] LogOutputStream:77 - [STDOUT_REDIRECT] 1 : Invalid condition id : UX_CORESTACK_Condition cause : null
2024-05-21 15:01:52,185 [WARN] PackLoader:240 - Cannot read IP mode file for STMicroelectronics.X-CUBE-AZRTOS-WL.2.0.0
2024-05-21 15:01:52,209 [WARN] PackLoader:240 - Cannot read IP mode file for STMicroelectronics.FP-SNS-MOTENV1.5.0.0
2024-05-21 15:01:52,257 [WARN] PackLoader:240 - Cannot read IP mode file for WES.I-CUBE-Cesium.1.3.0
2024-05-21 15:01:52,279 [WARN] PackLoader:240 - Cannot read IP mode file for STMicroelectronics.X-CUBE-BLE2.3.3.0
2024-05-21 15:01:52,306 [WARN] PackLoader:240 - Cannot read IP mode file for STMicroelectronics.X-CUBE-TCPP.4.1.0
2024-05-21 15:01:52,335 [WARN] PackLoader:240 - Cannot read IP mode file for STMicroelectronics.X-CUBE-ALGOBUILD.1.3.0
2024-05-21 15:01:52,403 [WARN] PackLoader:240 - Cannot read IP mode file for STMicroelectronics.X-CUBE-AZRTOS-G0.1.1.0
2024-05-21 15:01:52,440 [WARN] PackLoader:240 - Cannot read IP mode file for STMicroelectronics.X-CUBE-SAFEA1.1.2.2
2024-05-21 15:01:52,472 [WARN] PackLoader:240 - Cannot read IP mode file for STMicroelectronics.X-CUBE-NFC4.3.0.0
2024-05-21 15:01:52,512 [WARN] PackLoader:240 - Cannot read IP mode file for STMicroelectronics.X-CUBE-BLEMGR.3.0.0
2024-05-21 15:01:52,544 [WARN] PackLoader:240 - Cannot read IP mode file for STMicroelectronics.FP-ATR-SIGFOX1.3.2.0
2024-05-21 15:01:52,578 [WARN] PackLoader:240 - Cannot read IP mode file for STMicroelectronics.X-CUBE-EEPRMA1.5.1.0
2024-05-21 15:01:52,681 [WARN] PackLoader:240 - Cannot read IP mode file for SEGGER.I-CUBE-embOS.1.3.1
2024-05-21 15:01:52,798 [WARN] PackLoader:240 - Cannot read IP mode file for STMicroelectronics.X-CUBE-ALGOBUILD.1.4.0
2024-05-21 15:01:52,837 [WARN] PackLoader:240 - Cannot read IP mode file for STMicroelectronics.X-CUBE-GNSS1.6.0.0
2024-05-21 15:01:52,895 [WARN] PackLoader:240 - Cannot read IP mode file for STMicroelectronics.X-CUBE-AZRTOS-F4.1.1.0
2024-05-21 15:01:52,915 [INFO] WebApp:780 - Register for checkConnection events
2024-05-21 15:01:52,916 [INFO] WebApp:414 - Apply proxy settings
2024-05-21 15:01:52,917 [INFO] WebApp:499 - Chromium requires no authentication
2024-05-21 15:01:52,932 [WARN] PackLoader:240 - Cannot read IP mode file for STMicroelectronics.X-CUBE-FREERTOS.1.2.0
2024-05-21 15:01:52,938 [INFO] WebApp:442 - Direct internet connection detected
2024-05-21 15:01:52,960 [WARN] PackLoader:240 - Cannot read IP mode file for wolfSSL.I-CUBE-wolfSSL.5.6.6
2024-05-21 15:01:53,022 [WARN] PackLoader:240 - Cannot read IP mode file for STMicroelectronics.X-CUBE-AZRTOS-L5.2.0.0
2024-05-21 15:01:53,062 [WARN] PackLoader:240 - Cannot read IP mode file for STMicroelectronics.X-CUBE-NFC6.3.1.0
2024-05-21 15:01:53,100 [WARN] PackLoader:240 - Cannot read IP mode file for ITTIA_DB.I-CUBE-ITTIADB.8.8.0
2024-05-21 15:01:53,127 [WARN] PackLoader:240 - Cannot read IP mode file for STMicroelectronics.X-CUBE-AI.9.0.0
2024-05-21 15:01:53,158 [WARN] PackLoader:240 - Cannot read IP mode file for STMicroelectronics.X-CUBE-NFC7.1.0.1
2024-05-21 15:01:53,190 [WARN] PackLoader:240 - Cannot read IP mode file for STMicroelectronics.X-CUBE-NFC6.3.0.0
2024-05-21 15:01:53,221 [WARN] PackLoader:240 - Cannot read IP mode file for STMicroelectronics.X-CUBE-AI.8.1.0
2024-05-21 15:01:53,285 [WARN] ConditionMgr:438 - getConditionDescription Invalid condition id : LAN8742 Phy interface Condition cause : null
2024-05-21 15:01:53,287 [WARN] PackLoader:240 - Cannot read IP mode file for STMicroelectronics.X-CUBE-AZRTOS-L4.2.0.0
2024-05-21 15:01:53,290 [WARN] ConditionMgr:1039 - genDependencies : Invalid condition id : LAN8742 Phy interface Condition cause : null
2024-05-21 15:01:53,291 [WARN] ConditionMgr:1039 - genDependencies : Invalid condition id : LAN8742 Phy interface Condition cause : null
2024-05-21 15:01:53,292 [WARN] ConditionMgr:1039 - genDependencies : Invalid condition id : LAN8742 Phy interface Condition cause : null
2024-05-21 15:01:53,325 [WARN] PackLoader:240 - Cannot read IP mode file for STMicroelectronics.X-CUBE-SFXS2LP1.4.0.0
2024-05-21 15:01:53,371 [WARN] ConditionMgr:438 - getConditionDescription Invalid condition id : UX DEVICE CLASS RTOS Condition cause : null
2024-05-21 15:01:53,372 [WARN] ConditionMgr:438 - getConditionDescription Invalid condition id : UX DEVICE CLASS RTOS Condition cause : null
2024-05-21 15:01:53,375 [WARN] PackLoader:240 - Cannot read IP mode file for STMicroelectronics.X-CUBE-AZRTOS-WB.2.0.0
2024-05-21 15:01:53,376 [WARN] ConditionMgr:1039 - genDependencies : Invalid condition id : UX DEVICE CLASS RTOS Condition cause : null
2024-05-21 15:01:53,377 [WARN] ConditionMgr:1039 - genDependencies : Invalid condition id : UX DEVICE CLASS RTOS Condition cause : null
2024-05-21 15:01:53,377 [WARN] ConditionMgr:1039 - genDependencies : Invalid condition id : UX DEVICE CLASS RTOS Condition cause : null
2024-05-21 15:01:53,377 [INFO] WebApp:192 - Starting web application
2024-05-21 15:01:53,378 [INFO] WebApp:544 - Web application path used C:\ST\STM32CubeIDE_1.14.1\STM32CubeIDE\plugins\com.st.stm32cube.common.mx_6.10.0.202311202037\db\plugins\mcufinder\reactClient1\index.html
2024-05-21 15:01:53,378 [WARN] ConditionMgr:1039 - genDependencies : Invalid condition id : UX DEVICE CLASS RTOS Condition cause : null
2024-05-21 15:01:53,378 [WARN] ConditionMgr:1039 - genDependencies : Invalid condition id : UX DEVICE CLASS RTOS Condition cause : null
2024-05-21 15:01:53,422 [WARN] PackLoader:240 - Cannot read IP mode file for STMicroelectronics.X-CUBE-SUBG2.5.0.0
2024-05-21 15:01:53,440 [WARN] PackLoader:240 - Cannot read IP mode file for Cesanta.I-CUBE-Mongoose.7.13.0
2024-05-21 15:01:53,497 [WARN] PackLoader:240 - Cannot read IP mode file for STMicroelectronics.X-CUBE-AZRTOS-G4.2.0.0
2024-05-21 15:01:53,547 [WARN] PackLoader:240 - Cannot read IP mode file for Infineon.AIROC-Wi-Fi-Bluetooth-STM32.1.5.1
2024-05-21 15:01:53,577 [WARN] PackLoader:240 - Cannot read IP mode file for STMicroelectronics.FP-SNS-MOTENVWB1.1.3.1
2024-05-21 15:01:53,605 [WARN] PackLoader:240 - Cannot read IP mode file for STMicroelectronics.X-CUBE-ISPU.2.0.0
2024-05-21 15:01:53,612 [WARN] PackLoader:240 - Cannot read IP mode file for STMicroelectronics.X-CUBE-ALS.1.0.2
2024-05-21 15:01:53,713 [WARN] PackLoader:240 - Cannot read IP mode file for STMicroelectronics.X-CUBE-MEMS1.10.0.0
2024-05-21 15:01:54,017 [WARN] PackLoader:240 - Cannot read IP mode file for STMicroelectronics.X-CUBE-FREERTOS.1.1.0
2024-05-21 15:01:54,054 [WARN] PackLoader:240 - Cannot read IP mode file for portGmbH.I-Cube-SoM-uGOAL.1.1.0
2024-05-21 15:01:54,085 [WARN] PackLoader:240 - Cannot read IP mode file for STMicroelectronics.X-CUBE-ALS.1.0.1
2024-05-21 15:01:54,155 [WARN] PackLoader:240 - Cannot read IP mode file for STMicroelectronics.X-CUBE-AZRTOS-H7RS.1.0.0
2024-05-21 15:01:54,170 [WARN] PackLoader:240 - Cannot read IP mode file for STMicroelectronics.FP-ATR-ASTRA1.2.0.0
2024-05-21 15:01:54,209 [WARN] PackLoader:240 - Cannot read IP mode file for STMicroelectronics.X-CUBE-TOF1.3.4.0
2024-05-21 15:01:54,267 [WARN] PackLoader:240 - Cannot read IP mode file for STMicroelectronics.X-CUBE-TOF1.3.4.1
2024-05-21 15:01:54,335 [WARN] PackLoader:240 - Cannot read IP mode file for STMicroelectronics.X-CUBE-AZRTOS-H7.3.2.0
2024-05-21 15:01:54,340 [INFO] ThirdParty:978 - Integrity check success = true
2024-05-21 15:01:54,340 [INFO] IntegrityCheckThread:100 - exiting critical section [integrity check]
2024-05-21 15:01:54,340 [INFO] IntegrityCheckThread:103 - End integrity checks thread
2024-05-21 15:02:15,124 [ERROR] LogOutputStream:75 - [STDERR_REDIRECT] SLF4J: Failed to load class "org.slf4j.impl.StaticLoggerBinder".
2024-05-21 15:02:15,127 [ERROR] LogOutputStream:75 - [STDERR_REDIRECT] SLF4J: Defaulting to no-operation (NOP) logger implementation
2024-05-21 15:02:15,129 [ERROR] LogOutputStream:75 - [STDERR_REDIRECT] SLF4J: See http://www.slf4j.org/codes.html#StaticLoggerBinder for further details.
2024-05-21 15:03:42,451 [INFO] McuFinderGlobals:63 - Set McuFinder mode to 2 (CubeIDE integrated)
2024-05-21 15:03:44,790 [INFO] MainUpdater:2873 - connection check result : 10
2024-05-21 15:03:44,807 [INFO] MainUpdater:2873 - connection check result : 10
2024-05-21 15:03:45,256 [INFO] MicroXplorer:468 - Change Database Path : 
2024-05-21 15:03:45,257 [INFO] MicroXplorer:498 - Change Database Version : DB.6.0.100
2024-05-21 15:03:45,269 [WARN] ThirdParty:871 - waiting for thirdparty lock release [close project]
2024-05-21 15:03:45,270 [INFO] ThirdParty:873 - entering critical section [close project]
2024-05-21 15:03:45,273 [INFO] ThirdParty:883 - exiting critical section [close project]
2024-05-21 15:03:45,277 [INFO] PinOutPanel:1499 - setPackage(No Configuration,No Configuration)
2024-05-21 15:03:45,283 [INFO] UtilMem:75 - Begin LoadConfig() Used Memory: 449340096 Bytes (615514112)
2024-05-21 15:03:45,286 [INFO] MicroXplorer:468 - Change Database Path : 
2024-05-21 15:03:45,287 [INFO] MicroXplorer:498 - Change Database Version : DB.6.0.100
2024-05-21 15:03:45,287 [INFO] OpenFileManager:312 - Change cursor
2024-05-21 15:03:45,376 [INFO] Mcu:2016 - Initializing MCU STM32F103C(8-B)Tx STM32F103C8Tx STM32F103C8T6
2024-05-21 15:03:47,545 [INFO] Context:659 - Trying to add GPIOservice into a context  which must be forbidden
2024-05-21 15:03:48,784 [INFO] RtosManager:555 - Registered RTOS mode: class=CMSIS, group=RTOS, mode=CMSIS_V1, owner=FREERTOS
2024-05-21 15:03:48,785 [INFO] RtosManager:555 - Registered RTOS mode: class=CMSIS, group=RTOS2, mode=CMSIS_V2, owner=FREERTOS
2024-05-21 15:03:48,785 [INFO] RtosManager:555 - Registered RTOS mode: class=RTOS, group=Core, mode=CMSIS_V1, owner=FREERTOS
2024-05-21 15:03:48,786 [INFO] RtosManager:555 - Registered RTOS mode: class=RTOS, group=Core, mode=CMSIS_V2, owner=FREERTOS
2024-05-21 15:03:48,786 [WARN] ModelIntegratedComponent:184 - Missing modes for component STMicroelectronics:FreeRTOS:0.0.1:STMicroelectronics:RTOS:FreeRTOS:Core:::10.2.0:
2024-05-21 15:03:48,828 [WARN] ModelIntegratedComponent:63 - No mode defined for component null
2024-05-21 15:03:48,828 [WARN] ModelIntegratedComponent:63 - No mode defined for component null
2024-05-21 15:03:48,828 [WARN] ModelIntegratedComponent:63 - No mode defined for component null
2024-05-21 15:03:48,828 [WARN] ModelIntegratedComponent:63 - No mode defined for component null
2024-05-21 15:03:48,828 [WARN] ModelIntegratedComponent:63 - No mode defined for component null
2024-05-21 15:03:48,828 [WARN] ModelIntegratedComponent:63 - No mode defined for component null
2024-05-21 15:03:48,828 [WARN] ModelIntegratedComponent:63 - No mode defined for component null
2024-05-21 15:03:48,828 [WARN] ModelIntegratedComponent:63 - No mode defined for component null
2024-05-21 15:03:48,828 [WARN] ModelIntegratedComponent:63 - No mode defined for component null
2024-05-21 15:03:48,829 [WARN] ModelIntegratedComponent:63 - No mode defined for component null
2024-05-21 15:03:48,829 [WARN] ModelIntegratedComponent:63 - No mode defined for component null
2024-05-21 15:03:48,829 [WARN] ModelIntegratedComponent:63 - No mode defined for component null
2024-05-21 15:03:48,830 [WARN] ModelIntegratedComponent:63 - No mode defined for component null
2024-05-21 15:03:48,830 [WARN] ModelIntegratedComponent:63 - No mode defined for component null
2024-05-21 15:03:48,830 [WARN] ModelIntegratedComponent:63 - No mode defined for component null
2024-05-21 15:03:48,831 [WARN] ModelIntegratedComponent:63 - No mode defined for component null
2024-05-21 15:03:48,831 [WARN] ModelIntegratedComponent:63 - No mode defined for component null
2024-05-21 15:03:48,831 [WARN] ModelIntegratedComponent:63 - No mode defined for component null
2024-05-21 15:03:48,831 [WARN] ModelIntegratedComponent:63 - No mode defined for component null
2024-05-21 15:03:48,831 [WARN] ModelIntegratedComponent:63 - No mode defined for component null
2024-05-21 15:03:48,831 [WARN] ModelIntegratedComponent:63 - No mode defined for component null
2024-05-21 15:03:48,831 [WARN] ModelIntegratedComponent:63 - No mode defined for component null
2024-05-21 15:03:48,832 [WARN] ModelIntegratedComponent:63 - No mode defined for component null
2024-05-21 15:03:48,832 [WARN] ModelIntegratedComponent:63 - No mode defined for component null
2024-05-21 15:03:48,832 [WARN] ModelIntegratedComponent:63 - No mode defined for component null
2024-05-21 15:03:48,832 [WARN] ModelIntegratedComponent:63 - No mode defined for component null
2024-05-21 15:03:48,832 [WARN] ModelIntegratedComponent:63 - No mode defined for component null
2024-05-21 15:03:48,832 [WARN] ModelIntegratedComponent:63 - No mode defined for component null
2024-05-21 15:03:48,832 [WARN] ModelIntegratedComponent:63 - No mode defined for component null
2024-05-21 15:03:48,832 [WARN] ModelIntegratedComponent:63 - No mode defined for component null
2024-05-21 15:03:48,833 [WARN] ModelIntegratedComponent:63 - No mode defined for component null
2024-05-21 15:03:48,833 [WARN] ModelIntegratedComponent:63 - No mode defined for component null
2024-05-21 15:03:48,833 [WARN] ModelIntegratedComponent:63 - No mode defined for component null
2024-05-21 15:03:49,359 [INFO] ThirdPartyModel:298 - Start build external matchings
2024-05-21 15:03:50,265 [INFO] ThirdPartyModel:316 - End build external matchings
2024-05-21 15:03:50,341 [INFO] ImportTextPane:194 - (OptionalMessage_ERROR) IP (RCC) : Parameter (ADCFreqValue) has invalid value (36000000)
2024-05-21 15:03:50,342 [INFO] ImportTextPane:194 - (OptionalMessage_ERROR) IP (RCC) : Invalid parameter (FamilyName)
2024-05-21 15:03:50,342 [INFO] ImportTextPane:194 - (OptionalMessage_ERROR) IP (RCC) : Parameter (MCOFreq_Value) has invalid value (72000000)
2024-05-21 15:03:50,343 [INFO] ImportTextPane:194 - (OptionalMessage_ERROR) IP (RCC) : Parameter (USBFreq_Value) has invalid value (72000000)
2024-05-21 15:03:50,859 [INFO] UtilMem:75 - End LoadConfig() Used Memory: 560506376 Bytes (849346560)
2024-05-21 15:03:51,221 [INFO] ApiDb:581 - Connected to CubeFinder SQLite database (C:\Users\Minh Anh\.stmcufinder\plugins\mcufinder\mcu\cube-finder-db.db)
2024-05-21 15:03:51,399 [INFO] ApiDb:668 - CubeFinder database Data Model version=2.1
2024-05-21 15:03:51,400 [INFO] ApiDb:669 - CubeFinder database Configuration version=3.0.39
2024-05-21 15:03:51,401 [INFO] ApiDb:670 - CubeFinder database generation date=2024-04-15 (1713193726)
2024-05-21 15:03:51,402 [INFO] ApiDb:671 - CubeFinder database FW Pack versions=[FP-ATR-ASTRA1_V2.0.0, FP-SNS-FLIGHT1_V5.0.1, FP-SNS-FLIGHT1_V5.0.2, FP-SNS-MOTENV1_V4.3.1, FP-SNS-MOTENV1_V4.3.2, FP-SNS-MOTENVWB1_V1.3.1, FP-SNS-SMARTAG2_V1.2.0, STM32Cube_FW_C0_V1.1.0, STM32Cube_FW_F4_V1.28.0, STM32Cube_FW_F7_V1.17.0, STM32Cube_FW_G0_V1.6.2, STM32Cube_FW_G4_V1.5.2, STM32Cube_FW_H5_V0.5.1, STM32Cube_FW_H5_V1.1.1, STM32Cube_FW_H5_V1.2.0, STM32Cube_FW_H5_V1.2.0RC4, STM32Cube_FW_H7RS_V1.0.0, STM32Cube_FW_H7RS_V1.0.0RC4, STM32Cube_FW_H7_V1.11.0, STM32Cube_FW_L0_V1.12.2, STM32Cube_FW_L5_V1.5.1, STM32Cube_FW_U0_V1.0.0, STM32Cube_FW_U0_V1.0.0RC1, STM32Cube_FW_U5_V1.3.0RC4, STM32Cube_FW_U5_V1.5.0, STM32Cube_FW_U5_V1.5.0RC1, STM32Cube_FW_WBA_V1.0.0RC1, STM32Cube_FW_WBA_V1.2.0, STM32Cube_FW_WBA_V1.2.0RC2, STM32Cube_FW_WBA_V1.3.0, STM32Cube_FW_WBA_V1.3.0RC1, STM32Cube_FW_WB_V1.15.0RC1, STM32Cube_FW_WB_V1.16.0, STM32Cube_FW_WB_V1.16.0RC2, STM32Cube_FW_WB_V1.18.0, STM32Cube_FW_WB_V1.19.0, STM32Cube_FW_WL_V1.3.0, X-CUBE-ALGOBUILD_V1.3.0, X-CUBE-ALS_V1.0.1, X-CUBE-AZRTOS-F4_V1.1.0, X-CUBE-AZRTOS-F7_V1.1.0, X-CUBE-AZRTOS-G0_V1.1.0, X-CUBE-AZRTOS-G4_V2.0.0, X-CUBE-AZRTOS-H7_V3.2.0, X-CUBE-AZRTOS-L4_V1.0.0, X-CUBE-AZRTOS-L4_V2.0.0, X-CUBE-AZRTOS-L5_V1.1.0, X-CUBE-AZRTOS-WB_V2.0.0, X-CUBE-AZRTOS-WL_V2.0.0, X-CUBE-BLE1_V7.0.0, X-CUBE-BLE2_V3.3.0, X-CUBE-BLEMGR_V3.1.0, X-CUBE-EEPRMA1_V4.1.0, X-CUBE-EEPRMA1_V5.1.0, X-CUBE-FREERTOS_V1.1.0, X-CUBE-GNSS1_V6.0.0, X-CUBE-MEMS1_V10.0.0, X-CUBE-MEMS1_V9.1.0, X-CUBE-MEMS1_V9.4.0, X-CUBE-MEMS1_V9.6.0, X-CUBE-NFC4_V3.0.0, X-CUBE-NFC7_V1.0.1, X-CUBE-SFXS2LP1_V4.0.0, X-CUBE-SUBG2_V5.0.0, X-CUBE-TOF1_V3.4.0]
2024-05-21 15:03:54,784 [INFO] ApiDb:240 - Found 371 in-development CPN: [B-G473E-ZEST1S, B-WB1M-WPAN1, B-WL5M-SUBG1, NUCLEO-C031C6, NUCLEO-H503RB, NUCLEO-H563ZI, NUCLEO-U545RE-Q, NUCLEO-U5A5ZJ-Q, NUCLEO-WBA52CG, NUCLEO-WBA55CG, STEVAL-MKBOXPRO, STEVAL-PROTEUS1, STEVAL-STWINBX1, STM320518-EVAL, STM32C0116-DK, STM32C011D6Y3TR, STM32C011D6Y6TR, STM32C011F4P3, STM32C011F4P6, STM32C011F4U3, STM32C011F4U6TR, STM32C011F6P3, STM32C011F6P6, STM32C011F6U3, STM32C011F6U6TR, STM32C011J4M3, STM32C011J4M6, STM32C011J6M3, STM32C011J6M6, STM32C0316-DK, STM32C031C4T3, STM32C031C4T6, STM32C031C4U3, STM32C031C4U6, STM32C031C6T3, STM32C031C6T6, STM32C031C6U3, STM32C031C6U6, STM32C031F4P3, STM32C031F4P6, STM32C031F6P3, STM32C031F6P6, STM32C031G4U3, STM32C031G4U6, STM32C031G6U3, STM32C031G6U6, STM32C031K4T3, STM32C031K4T6, STM32C031K4U3, STM32C031K4U6, STM32C031K6T3, STM32C031K6T6, STM32C031K6U3, STM32C031K6U6, STM32G071K8TXN, STM32G071K8UXN, STM32G081GBU6N, STM32G081KBT6N, STM32G081KBUXN, STM32G0B1CCT6N, STM32G0B1KCT6, STM32G0B1NEY6TR, STM32G0B1RCT6N, STM32G0C1CCT6, STM32G0C1CCT6N, STM32G0C1CCU6N, STM32G0C1CET6N, STM32G0C1CEU6N, STM32G0C1KCT6, STM32G0C1NEY6TR, STM32G0C1RCI6N, STM32G0C1RCT6N, STM32G0C1REI6N, STM32G0C1RET6N, STM32G0C1VCI6, STM32G0C1VEI6, STM32G471CCT6, STM32G471CCU6, STM32G471CET3, STM32G471CET6, STM32G471CEU3, STM32G471CEU6, STM32G471MCT6, STM32G471MET3, STM32G471MET6, STM32G471MEY6TR, STM32G471QCT6, STM32G471QET3, STM32G471RCT6, STM32G471RET3, STM32G471RET6, STM32G471VCH6, STM32G471VCI6, STM32G471VCT6, STM32G471VEH3, STM32G471VEH6, STM32G471VEI3, STM32G471VEI6, STM32G471VET3, STM32G471VET6, STM32G474CCT6, STM32H503CBT6, STM32H503CBU6, STM32H503EBY6TR, STM32H503KBU6, STM32H503RBT6, STM32H562AGI6, STM32H562AII6, STM32H562IGK6, STM32H562IGT6, STM32H562IIK6, STM32H562IIT6, STM32H562RGT6, STM32H562RGV6, STM32H562RIT6, STM32H562RIV6, STM32H562VGT6, STM32H562VIT6, STM32H562ZGT6, STM32H562ZIT6, STM32H563AGI6, STM32H563AII3Q, STM32H563AII6, STM32H563IGK6, STM32H563IGT6, STM32H563IIK3Q, STM32H563IIK6, STM32H563IIT3Q, STM32H563IIT6, STM32H563MIY3QTR, STM32H563RGT6, STM32H563RGV6, STM32H563RIT6, STM32H563RIV6, STM32H563VGT6, STM32H563VIT3Q, STM32H563VIT6, STM32H563ZGT6, STM32H563ZIT3Q, STM32H563ZIT6, STM32H573AII3Q, STM32H573AII6, STM32H573I-DK, STM32H573IIK3Q, STM32H573IIK6, STM32H573IIT3Q, STM32H573IIT6, STM32H573MIY3QTR, STM32H573RIT6, STM32H573RIV6, STM32H573VIT3Q, STM32H573VIT6, STM32H573ZIT3Q, STM32H573ZIT6, STM32L4R5QGI6STR, STM32MP131AAE3, STM32MP131AAF3, STM32MP131AAG3, STM32MP131CAE3, STM32MP131CAF3, STM32MP131CAG3, STM32MP131DAE7, STM32MP131DAF7, STM32MP131DAG7, STM32MP131FAE7, STM32MP131FAF7, STM32MP131FAG7, STM32MP133AAE3, STM32MP133AAF3, STM32MP133AAG3, STM32MP133CAE3, STM32MP133CAF3, STM32MP133CAG3, STM32MP133DAE7, STM32MP133DAF7, STM32MP133DAG7, STM32MP133FAE7, STM32MP133FAF7, STM32MP133FAG7, STM32MP135AAE3, STM32MP135AAF3, STM32MP135AAG3, STM32MP135CAE3, STM32MP135CAF3, STM32MP135CAG3, STM32MP135DAE7, STM32MP135DAF7, STM32MP135DAG7, STM32MP135F-DK, STM32MP135FAE7, STM32MP135FAF7, STM32MP135FAF7T, STM32MP135FAF7U, STM32MP135FAG7, STM32U535CBT6, STM32U535CBT6Q, STM32U535CBU6, STM32U535CBU6Q, STM32U535CCT6, STM32U535CCT6Q, STM32U535CCU6, STM32U535CCU6Q, STM32U535CET6, STM32U535CET6Q, STM32U535CEU6, STM32U535CEU6Q, STM32U535JEY6QTR, STM32U535NCY6QTR, STM32U535NEY6QTR, STM32U535RBI6, STM32U535RBI6Q, STM32U535RBT6, STM32U535RBT6Q, STM32U535RCI6, STM32U535RCI6Q, STM32U535RCT6, STM32U535RCT6Q, STM32U535REI6, STM32U535REI6Q, STM32U535RET6, STM32U535RET6Q, STM32U535VCI6, STM32U535VCI6Q, STM32U535VCT6, STM32U535VCT6Q, STM32U535VEI6, STM32U535VEI6Q, STM32U535VET6, STM32U535VET6Q, STM32U545CET6, STM32U545CET6Q, STM32U545CEU6, STM32U545CEU6Q, STM32U545JEY6QTR, STM32U545NEY6QTR, STM32U545REI6, STM32U545REI6Q, STM32U545RET6, STM32U545RET6Q, STM32U545VEI6, STM32U545VEI6Q, STM32U545VET6, STM32U545VET6Q, STM32U595AIH6, STM32U595AIH6Q, STM32U595AJH6, STM32U595AJH6Q, STM32U595QII6, STM32U595QII6Q, STM32U595QJI6, STM32U595QJI6Q, STM32U595RIT6, STM32U595RIT6Q, STM32U595RJT6, STM32U595RJT6Q, STM32U595VIT6, STM32U595VIT6Q, STM32U595VJT6, STM32U595VJT6Q, STM32U595ZIT6, STM32U595ZIT6Q, STM32U595ZIY6QTR, STM32U595ZJT6, STM32U595ZJT6Q, STM32U595ZJY6QTR, STM32U599BJY6QTR, STM32U599NIH6Q, STM32U599NJH6Q, STM32U599VIT6Q, STM32U599VJT6, STM32U599VJT6Q, STM32U599ZIT6Q, STM32U599ZIY6QTR, STM32U599ZJT6Q, STM32U599ZJY6QTR, STM32U5A5AJH6, STM32U5A5AJH6Q, STM32U5A5QJI6, STM32U5A5QJI6Q, STM32U5A5RJT6, STM32U5A5RJT6Q, STM32U5A5VJT6, STM32U5A5VJT6Q, STM32U5A5ZJT6, STM32U5A5ZJT6Q, STM32U5A5ZJY6QTR, STM32U5A9BJY6QTR, STM32U5A9J-DK, STM32U5A9NJH6Q, STM32U5A9VJT6Q, STM32U5A9ZJT6Q, STM32U5A9ZJY6QTR, STM32U5F7VIT6, STM32U5F7VIT6Q, STM32U5F7VJT6, STM32U5F7VJT6Q, STM32U5F9BJY6QTR, STM32U5F9NJH6Q, STM32U5F9VIT6Q, STM32U5F9VJT6Q, STM32U5F9ZIJ6QTR, STM32U5F9ZIT6Q, STM32U5F9ZJJ6QTR, STM32U5F9ZJT6Q, STM32U5G7VJT6, STM32U5G7VJT6Q, STM32U5G9BJY6QTR, STM32U5G9J-DK1, STM32U5G9J-DK2, STM32U5G9NJH6Q, STM32U5G9VJT6Q, STM32U5G9ZJJ6QTR, STM32U5G9ZJT6Q, STM32WB1MMCH6, STM32WBA50KEU6, STM32WBA50KEU6TR, STM32WBA50KGU6, STM32WBA50KGU6TR, STM32WBA52CEU6, STM32WBA52CEU6TR, STM32WBA52CEU7, STM32WBA52CEU7TR, STM32WBA52CGU6, STM32WBA52CGU6TR, STM32WBA52CGU6U, STM32WBA52CGU7, STM32WBA52CGU7TR, STM32WBA52KEU6, STM32WBA52KEU6TR, STM32WBA52KGU6, STM32WBA52KGU6TR, STM32WBA54CEU6, STM32WBA54CEU6TR, STM32WBA54CEU7, STM32WBA54CEU7TR, STM32WBA54CGU6, STM32WBA54CGU6TR, STM32WBA54CGU7, STM32WBA54CGU7TR, STM32WBA54KEU6, STM32WBA54KEU6TR, STM32WBA54KEU7, STM32WBA54KEU7TR, STM32WBA54KGU6, STM32WBA54KGU6TR, STM32WBA54KGU7, STM32WBA54KGU7TR, STM32WBA55CEU6, STM32WBA55CEU6TR, STM32WBA55CEU7, STM32WBA55CEU7TR, STM32WBA55CGU6, STM32WBA55CGU6TR, STM32WBA55CGU6U, STM32WBA55CGU7, STM32WBA55CGU7TR, STM32WBA55G-DK1, STM32WBA55HEF6, STM32WBA55HEF7, STM32WBA55HGF6, STM32WBA55HGF7, STM32WBA55UEI6, STM32WBA55UEI6TR, STM32WBA55UEI7, STM32WBA55UEI7TR, STM32WBA55UGI6, STM32WBA55UGI6TR, STM32WBA55UGI7, STM32WBA55UGI7TR, STM32WL5MOCH6, STM32WL5MOCH6TR]
2024-05-21 15:03:54,791 [INFO] DbMcus:218 - Found 4092 MCUs, 4092 are supported
2024-05-21 15:03:54,792 [INFO] ApiDb:423 - Load user favorites file C:\Users\Minh Anh/.stm32cubeide/favorites.mcus.txt: 0 item(s)
2024-05-21 15:03:54,793 [INFO] ApiDb:427 - User favorites MCUs=[]
2024-05-21 15:03:54,793 [INFO] DbMcus:224 - Set 0 / 0 favorites MCUs
2024-05-21 15:03:55,321 [INFO] MicroXplorer:468 - Change Database Path : 
2024-05-21 15:03:55,322 [INFO] MicroXplorer:498 - Change Database Version : DB.6.0.100
2024-05-21 15:03:55,322 [WARN] ThirdParty:833 - waiting for thirdparty lock release [change project]
2024-05-21 15:03:55,323 [INFO] ThirdParty:835 - entering critical section [change project]
2024-05-21 15:03:55,323 [INFO] ThirdParty:1030 - CMSIS Pack Vendor :STMicroelectronics USBPD 4.1
2024-05-21 15:03:55,323 [INFO] ThirdParty:1030 - CMSIS Pack Vendor :STMicroelectronics X-CUBE-GNSS1 6.0.0
2024-05-21 15:03:55,323 [INFO] ThirdParty:1030 - CMSIS Pack Vendor :STMicroelectronics USB_HOST 2.0.0
2024-05-21 15:03:55,323 [INFO] ThirdParty:1030 - CMSIS Pack Vendor :STMicroelectronics FP-SNS-MOTENVWB1 1.4.0
2024-05-21 15:03:55,323 [INFO] ThirdParty:1030 - CMSIS Pack Vendor :STMicroelectronics X-CUBE-AZRTOS-F4 1.1.0
2024-05-21 15:03:55,323 [INFO] ThirdParty:1030 - CMSIS Pack Vendor :STMicroelectronics LIBJPEG 8.0.0
2024-05-21 15:03:55,323 [INFO] ThirdParty:1030 - CMSIS Pack Vendor :STMicroelectronics X-CUBE-SMBUS 2.1.0
2024-05-21 15:03:55,323 [INFO] ThirdParty:1030 - CMSIS Pack Vendor :STMicroelectronics USB_DEVICE 3.0.0
2024-05-21 15:03:55,323 [INFO] ThirdParty:1030 - CMSIS Pack Vendor :STMicroelectronics X-CUBE-TCPP 4.1.0
2024-05-21 15:03:55,323 [INFO] ThirdParty:1030 - CMSIS Pack Vendor :STMicroelectronics X-CUBE-FREERTOS 1.2.0
2024-05-21 15:03:55,324 [INFO] ThirdParty:1030 - CMSIS Pack Vendor :STMicroelectronics X-CUBE-AZRTOS-WB 2.0.0
2024-05-21 15:03:55,324 [INFO] ThirdParty:1030 - CMSIS Pack Vendor :wolfSSL I-CUBE-wolfSSL 5.6.6
2024-05-21 15:03:55,324 [INFO] ThirdParty:1030 - CMSIS Pack Vendor :STMicroelectronics X-CUBE-TOUCHGFX 4.23.1
2024-05-21 15:03:55,324 [INFO] ThirdParty:1030 - CMSIS Pack Vendor :STMicroelectronics X-CUBE-TOUCHGFX 4.23.0
2024-05-21 15:03:55,324 [INFO] ThirdParty:1030 - CMSIS Pack Vendor :STMicroelectronics X-CUBE-TOUCHGFX 4.23.2
2024-05-21 15:03:55,324 [INFO] ThirdParty:1030 - CMSIS Pack Vendor :STMicroelectronics X-CUBE-AZRTOS-F7 1.1.0
2024-05-21 15:03:55,324 [INFO] ThirdParty:1030 - CMSIS Pack Vendor :STMicroelectronics X-CUBE-AZRTOS-L5 2.0.0
2024-05-21 15:03:55,324 [INFO] ThirdParty:1030 - CMSIS Pack Vendor :STMicroelectronics USB_DEVICE 2.0.0
2024-05-21 15:03:55,324 [INFO] ThirdParty:1030 - CMSIS Pack Vendor :STMicroelectronics X-CUBE-NFC6 3.1.0
2024-05-21 15:03:55,324 [INFO] ThirdParty:1030 - CMSIS Pack Vendor :ITTIA_DB I-CUBE-ITTIADB 8.8.0
2024-05-21 15:03:55,324 [INFO] ThirdParty:1030 - CMSIS Pack Vendor :STMicroelectronics FP-SNS-MOTENV1 4.3.2
2024-05-21 15:03:55,324 [INFO] ThirdParty:1030 - CMSIS Pack Vendor :STMicroelectronics X-CUBE-ALGOBUILD 1.3.0
2024-05-21 15:03:55,324 [INFO] ThirdParty:1030 - CMSIS Pack Vendor :STMicroelectronics FreeRTOS 0.0.1
2024-05-21 15:03:55,325 [INFO] ThirdParty:1030 - CMSIS Pack Vendor :STMicroelectronics X-CUBE-AZRTOS-G0 1.1.0
2024-05-21 15:03:55,325 [INFO] ThirdParty:1030 - CMSIS Pack Vendor :STMicroelectronics X-CUBE-SAFEA1 1.2.2
2024-05-21 15:03:55,325 [INFO] ThirdParty:1030 - CMSIS Pack Vendor :STMicroelectronics X-CUBE-NFC4 3.0.0
2024-05-21 15:03:55,325 [INFO] ThirdParty:1030 - CMSIS Pack Vendor :STMicroelectronics X-CUBE-SUBG2 5.0.0
2024-05-21 15:03:55,325 [INFO] ThirdParty:1030 - CMSIS Pack Vendor :STMicroelectronics STM32_WPAN 1.0.0
2024-05-21 15:03:55,325 [INFO] ThirdParty:1030 - CMSIS Pack Vendor :STMicroelectronics lwIP 2.0.3
2024-05-21 15:03:55,325 [INFO] ThirdParty:1030 - CMSIS Pack Vendor :STMicroelectronics FP-SNS-FLIGHT1 5.0.2
2024-05-21 15:03:55,325 [INFO] ThirdParty:1030 - CMSIS Pack Vendor :Cesanta I-CUBE-Mongoose 7.13.0
2024-05-21 15:03:55,325 [INFO] ThirdParty:1030 - CMSIS Pack Vendor :STMicroelectronics USB_HOST 1.0.0
2024-05-21 15:03:55,325 [INFO] ThirdParty:1030 - CMSIS Pack Vendor :STMicroelectronics X-CUBE-AI 9.0.0
2024-05-21 15:03:55,325 [INFO] ThirdParty:1030 - CMSIS Pack Vendor :STMicroelectronics X-CUBE-AZRTOS-G4 2.0.0
2024-05-21 15:03:55,326 [INFO] ThirdParty:1030 - CMSIS Pack Vendor :STMicroelectronics PDM2PCM 3.1.0
2024-05-21 15:03:55,326 [INFO] ThirdParty:1030 - CMSIS Pack Vendor :Infineon AIROC-Wi-Fi-Bluetooth-STM32 1.5.1
2024-05-21 15:03:55,326 [INFO] ThirdParty:1030 - CMSIS Pack Vendor :STMicroelectronics X-CUBE-BLEMGR 3.0.0
2024-05-21 15:03:55,326 [INFO] ThirdParty:1030 - CMSIS Pack Vendor :STMicroelectronics PDM2PCM 3.3.0
2024-05-21 15:03:55,326 [INFO] ThirdParty:1030 - CMSIS Pack Vendor :STMicroelectronics X-CUBE-DISPLAY 3.0.0
2024-05-21 15:03:55,326 [INFO] ThirdParty:1030 - CMSIS Pack Vendor :STMicroelectronics FP-SNS-MOTENVWB1 1.3.1
2024-05-21 15:03:55,326 [INFO] ThirdParty:1030 - CMSIS Pack Vendor :STMicroelectronics X-CUBE-BLE1 7.0.0
2024-05-21 15:03:55,326 [INFO] ThirdParty:1030 - CMSIS Pack Vendor :STMicroelectronics FP-ATR-SIGFOX1 3.2.0
2024-05-21 15:03:55,326 [INFO] ThirdParty:1030 - CMSIS Pack Vendor :STMicroelectronics X-CUBE-ISPU 2.0.0
2024-05-21 15:03:55,326 [INFO] ThirdParty:1030 - CMSIS Pack Vendor :STMicroelectronics X-CUBE-EEPRMA1 5.1.0
2024-05-21 15:03:55,326 [INFO] ThirdParty:1030 - CMSIS Pack Vendor :STMicroelectronics HAL Drivers 0.0.0
2024-05-21 15:03:55,326 [INFO] ThirdParty:1030 - CMSIS Pack Vendor :STMicroelectronics MBEDTLS 2.16.2
2024-05-21 15:03:55,327 [INFO] ThirdParty:1030 - CMSIS Pack Vendor :STMicroelectronics X-CUBE-ALS 1.0.2
2024-05-21 15:03:55,327 [INFO] ThirdParty:1030 - CMSIS Pack Vendor :emotas I-CUBE-CANOPEN 1.3.0
2024-05-21 15:03:55,327 [INFO] ThirdParty:1030 - CMSIS Pack Vendor :STMicroelectronics X-CUBE-MEMS1 10.0.0
2024-05-21 15:03:55,327 [INFO] ThirdParty:1030 - CMSIS Pack Vendor :STMicroelectronics X-CUBE-FREERTOS 1.1.0
2024-05-21 15:03:55,327 [INFO] ThirdParty:1030 - CMSIS Pack Vendor :STMicroelectronics X-CUBE-NFC7 1.0.1
2024-05-21 15:03:55,327 [INFO] ThirdParty:1030 - CMSIS Pack Vendor :STMicroelectronics MBEDTLS 2.14.1
2024-05-21 15:03:55,327 [INFO] ThirdParty:1030 - CMSIS Pack Vendor :STMicroelectronics X-CUBE-NFC6 3.0.0
2024-05-21 15:03:55,327 [INFO] ThirdParty:1030 - CMSIS Pack Vendor :portGmbH I-Cube-SoM-uGOAL 1.1.0
2024-05-21 15:03:55,327 [INFO] ThirdParty:1030 - CMSIS Pack Vendor :STMicroelectronics X-CUBE-ALS 1.0.1
2024-05-21 15:03:55,327 [INFO] ThirdParty:1030 - CMSIS Pack Vendor :STMicroelectronics X-CUBE-BLEMGR 3.1.0
2024-05-21 15:03:55,327 [INFO] ThirdParty:1030 - CMSIS Pack Vendor :STMicroelectronics ThreadX 1.0.0
2024-05-21 15:03:55,327 [INFO] ThirdParty:1030 - CMSIS Pack Vendor :STMicroelectronics FP-SNS-SMARTAG2 1.2.0
2024-05-21 15:03:55,327 [INFO] ThirdParty:1030 - CMSIS Pack Vendor :STMicroelectronics X-CUBE-AZRTOS-WL 2.0.0
2024-05-21 15:03:55,327 [INFO] ThirdParty:1030 - CMSIS Pack Vendor :SEGGER I-CUBE-embOS 1.3.1
2024-05-21 15:03:55,328 [INFO] ThirdParty:1030 - CMSIS Pack Vendor :STMicroelectronics X-CUBE-ALGOBUILD 1.4.0
2024-05-21 15:03:55,328 [INFO] ThirdParty:1030 - CMSIS Pack Vendor :STMicroelectronics FP-SNS-MOTENV1 5.0.0
2024-05-21 15:03:55,328 [INFO] ThirdParty:1030 - CMSIS Pack Vendor :STMicroelectronics USB_DEVICE 1.0.0
2024-05-21 15:03:55,328 [INFO] ThirdParty:1030 - CMSIS Pack Vendor :STMicroelectronics X-CUBE-AI 8.1.0
2024-05-21 15:03:55,328 [INFO] ThirdParty:1030 - CMSIS Pack Vendor :STMicroelectronics X-CUBE-AZRTOS-H7RS 1.0.0
2024-05-21 15:03:55,328 [INFO] ThirdParty:1030 - CMSIS Pack Vendor :STMicroelectronics X-CUBE-AZRTOS-L4 2.0.0
2024-05-21 15:03:55,328 [INFO] ThirdParty:1030 - CMSIS Pack Vendor :STMicroelectronics ThreadX 0.0.2
2024-05-21 15:03:55,328 [INFO] ThirdParty:1030 - CMSIS Pack Vendor :WES I-CUBE-Cesium 1.3.0
2024-05-21 15:03:55,328 [INFO] ThirdParty:1030 - CMSIS Pack Vendor :STMicroelectronics FP-ATR-ASTRA1 2.0.0
2024-05-21 15:03:55,328 [INFO] ThirdParty:1030 - CMSIS Pack Vendor :STMicroelectronics lwIP 2.1.2
2024-05-21 15:03:55,328 [INFO] ThirdParty:1030 - CMSIS Pack Vendor :STMicroelectronics X-CUBE-SFXS2LP1 4.0.0
2024-05-21 15:03:55,328 [INFO] ThirdParty:1030 - CMSIS Pack Vendor :STMicroelectronics X-CUBE-BLE2 3.3.0
2024-05-21 15:03:55,328 [INFO] ThirdParty:1030 - CMSIS Pack Vendor :STMicroelectronics X-CUBE-TOF1 3.4.0
2024-05-21 15:03:55,328 [INFO] ThirdParty:1030 - CMSIS Pack Vendor :STMicroelectronics X-CUBE-TOF1 3.4.1
2024-05-21 15:03:55,329 [INFO] ThirdParty:1030 - CMSIS Pack Vendor :STMicroelectronics X-CUBE-AZRTOS-H7 3.2.0
2024-05-21 15:03:55,329 [INFO] ThirdParty:1030 - CMSIS Pack Vendor :STMicroelectronics PDM2PCM 3.2.0
2024-05-21 15:03:55,329 [INFO] ThirdParty:841 - exiting critical section [change project]
2024-05-21 15:03:55,869 [INFO] PinOutPanel:1499 - setPackage(No Configuration,No Configuration)
2024-05-21 15:03:55,871 [INFO] PinOutPanel:1499 - setPackage(STM32F103C8Tx,LQFP48)
2024-05-21 15:03:56,871 [INFO] UtilMem:75 - Before build in PCC Used Memory: 662249560 Bytes (849346560)
2024-05-21 15:03:58,461 [INFO] UtilMem:75 - After build in PCC Used Memory: 481712128 Bytes (849346560)
2024-05-21 15:03:58,511 [INFO] IPUIPlugin:80 - create IPUIPlugin
2024-05-21 15:03:58,512 [INFO] IPUIPlugin:80 - create IPUIPlugin
2024-05-21 15:03:58,512 [INFO] IPUIPlugin:80 - create IPUIPlugin
2024-05-21 15:03:58,512 [INFO] IPUIPlugin:80 - create IPUIPlugin
2024-05-21 15:03:58,512 [INFO] IPUIPlugin:80 - create IPUIPlugin
2024-05-21 15:03:58,513 [INFO] IPUIPlugin:80 - create IPUIPlugin
2024-05-21 15:03:58,513 [INFO] IPUIPlugin:80 - create IPUIPlugin
2024-05-21 15:03:58,514 [INFO] IPUIPlugin:80 - create IPUIPlugin
2024-05-21 15:03:58,515 [INFO] IPUIPlugin:80 - create IPUIPlugin
2024-05-21 15:03:58,515 [INFO] IPUIPlugin:80 - create IPUIPlugin
2024-05-21 15:03:58,516 [INFO] IPUIPlugin:80 - create IPUIPlugin
2024-05-21 15:03:58,517 [INFO] IPUIPlugin:80 - create IPUIPlugin
2024-05-21 15:03:58,517 [INFO] IPUIPlugin:80 - create IPUIPlugin
2024-05-21 15:03:58,518 [INFO] IPUIPlugin:80 - create IPUIPlugin
2024-05-21 15:03:58,518 [INFO] IPUIPlugin:80 - create IPUIPlugin
2024-05-21 15:03:58,519 [INFO] IPUIPlugin:80 - create IPUIPlugin
2024-05-21 15:03:58,519 [INFO] IPUIPlugin:80 - create IPUIPlugin
2024-05-21 15:03:58,520 [INFO] IPUIPlugin:80 - create IPUIPlugin
2024-05-21 15:03:58,520 [INFO] IPUIPlugin:80 - create IPUIPlugin
2024-05-21 15:03:58,520 [INFO] IPUIPlugin:80 - create IPUIPlugin
2024-05-21 15:03:58,521 [INFO] IPUIPlugin:80 - create IPUIPlugin
2024-05-21 15:03:58,521 [INFO] IPUIPlugin:80 - create IPUIPlugin
2024-05-21 15:03:58,521 [INFO] IPUIPlugin:80 - create IPUIPlugin
2024-05-21 15:03:58,523 [INFO] IPUIPlugin:80 - create IPUIPlugin
2024-05-21 15:03:58,524 [INFO] IPUIPlugin:80 - create IPUIPlugin
2024-05-21 15:03:58,524 [INFO] IPUIPlugin:80 - create IPUIPlugin
2024-05-21 15:03:58,525 [INFO] IPUIPlugin:80 - create IPUIPlugin
2024-05-21 15:03:58,539 [WARN] IP:2119 - I2C_Coeff_DF not found: check if there is a RefParameter without a condition.
2024-05-21 15:03:58,539 [WARN] IP:2119 - Analog_Filter not found: check if there is a RefParameter without a condition.
2024-05-21 15:03:58,983 [INFO] CADModel:165 - CPN selected for project levelSTM32F103C8T6
2024-05-21 15:03:58,983 [INFO] CADModel:114 - Register for checkConnection events
2024-05-21 15:03:59,048 [INFO] OpenFileManager:343 - Restore cursor
2024-05-21 15:03:59,334 [WARN] IP:2119 - I2C_Coeff_DF not found: check if there is a RefParameter without a condition.
2024-05-21 15:03:59,334 [WARN] IP:2119 - Analog_Filter not found: check if there is a RefParameter without a condition.
2024-05-21 15:03:59,336 [WARN] IP:2119 - I2C_Coeff_DF not found: check if there is a RefParameter without a condition.
2024-05-21 15:03:59,336 [WARN] IP:2119 - Analog_Filter not found: check if there is a RefParameter without a condition.
2024-05-21 19:21:13,404 [INFO] NvicIntPanel:101 - NVIC parent = com.st.microxplorer.plugins.ip.nvic.MultiNvicIntPanel[,0,0,0x0,invalid,layout=javax.swing.BoxLayout,alignmentX=0.0,alignmentY=0.0,border=,flags=9,maximumSize=,minimumSize=,preferredSize=]
2024-05-21 19:21:18,247 [WARN] IP:2119 - I2C_Coeff_DF not found: check if there is a RefParameter without a condition.
2024-05-21 19:21:18,247 [WARN] IP:2119 - Analog_Filter not found: check if there is a RefParameter without a condition.
2024-05-21 19:21:18,248 [WARN] IP:2119 - I2C_Coeff_DF not found: check if there is a RefParameter without a condition.
2024-05-21 19:21:18,248 [WARN] IP:2119 - Analog_Filter not found: check if there is a RefParameter without a condition.
2024-05-21 19:21:28,622 [INFO] UtilMem:75 - End SaveConfig() Used Memory: 853562424 Bytes (1073741824)
2024-05-21 19:21:30,418 [INFO] UtilMem:75 - End SaveConfig() Used Memory: 870339640 Bytes (1073741824)
2024-05-21 19:21:32,468 [INFO] UtilMem:75 - End SaveConfig() Used Memory: 578095720 Bytes (1073741824)
2024-05-21 19:21:33,379 [INFO] BlockDiagram:2759 - set Specific Code input for plugin: NVIC
2024-05-21 19:21:33,380 [INFO] BlockDiagram:2759 - set Specific Code input for plugin: USART
2024-05-21 19:21:33,380 [INFO] BlockDiagram:2759 - set Specific Code input for plugin: SYS
2024-05-21 19:21:33,385 [INFO] BlockDiagram:2759 - set Specific Code input for plugin: GPIO
2024-05-21 19:21:33,385 [INFO] BlockDiagram:2759 - set Specific Code input for plugin: RCC
2024-05-21 19:21:33,385 [INFO] BlockDiagram:2759 - set Specific Code input for plugin: I2C
2024-05-21 19:21:33,389 [INFO] CodeGenerator:807 - code generatio: config db path: C:\ST\STM32CubeIDE_1.14.1\STM32CubeIDE\plugins\com.st.stm32cube.common.mx_6.10.0.202311202037\\db\
2024-05-21 19:21:33,400 [WARN] IP:2119 - I2C_Coeff_DF not found: check if there is a RefParameter without a condition.
2024-05-21 19:21:33,400 [WARN] IP:2119 - Analog_Filter not found: check if there is a RefParameter without a condition.
2024-05-21 19:21:33,996 [INFO] CodeEngine:255 - oldGeneratedFile, C:\Work_places\Nam3_ki2\He_Thong_Nhung_Giao_Tiep_VI_Su_Li\Final_Project\Hardware_Testing\STM32_uart\STM_GPS_ESFinal\STM_GPS_ESFinal\MXTmpFiles\license.tmp_save
2024-05-21 19:21:35,040 [INFO] CodeEngine:279 - Generated code: C:\Work_places\Nam3_ki2\He_Thong_Nhung_Giao_Tiep_VI_Su_Li\Final_Project\Hardware_Testing\STM32_uart\STM_GPS_ESFinal\STM_GPS_ESFinal\MXTmpFiles\license.tmp
2024-05-21 19:21:35,280 [INFO] CodeEngine:255 - oldGeneratedFile, C:\Work_places\Nam3_ki2\He_Thong_Nhung_Giao_Tiep_VI_Su_Li\Final_Project\Hardware_Testing\STM32_uart\STM_GPS_ESFinal\STM_GPS_ESFinal\MXTmpFiles\gpio.tmp_save
2024-05-21 19:21:35,563 [INFO] CodeEngine:279 - Generated code: C:\Work_places\Nam3_ki2\He_Thong_Nhung_Giao_Tiep_VI_Su_Li\Final_Project\Hardware_Testing\STM32_uart\STM_GPS_ESFinal\STM_GPS_ESFinal\MXTmpFiles\gpio.tmp
2024-05-21 19:21:35,859 [INFO] CodeEngine:255 - oldGeneratedFile, C:\Work_places\Nam3_ki2\He_Thong_Nhung_Giao_Tiep_VI_Su_Li\Final_Project\Hardware_Testing\STM32_uart\STM_GPS_ESFinal\STM_GPS_ESFinal\Core\Src\stm32f1xx_it.c_save
2024-05-21 19:21:36,200 [INFO] CodeEngine:279 - Generated code: C:\Work_places\Nam3_ki2\He_Thong_Nhung_Giao_Tiep_VI_Su_Li\Final_Project\Hardware_Testing\STM32_uart\STM_GPS_ESFinal\STM_GPS_ESFinal\Core\Src\stm32f1xx_it.c
2024-05-21 19:21:36,260 [INFO] CodeEngine:255 - oldGeneratedFile, C:\Work_places\Nam3_ki2\He_Thong_Nhung_Giao_Tiep_VI_Su_Li\Final_Project\Hardware_Testing\STM32_uart\STM_GPS_ESFinal\STM_GPS_ESFinal\Core\Inc\stm32f1xx_it.h_save
2024-05-21 19:21:36,430 [INFO] CodeEngine:279 - Generated code: C:\Work_places\Nam3_ki2\He_Thong_Nhung_Giao_Tiep_VI_Su_Li\Final_Project\Hardware_Testing\STM32_uart\STM_GPS_ESFinal\STM_GPS_ESFinal\Core\Inc\stm32f1xx_it.h
2024-05-21 19:21:36,499 [INFO] CodeEngine:255 - oldGeneratedFile, C:\Work_places\Nam3_ki2\He_Thong_Nhung_Giao_Tiep_VI_Su_Li\Final_Project\Hardware_Testing\STM32_uart\STM_GPS_ESFinal\STM_GPS_ESFinal\Core\Src\stm32f1xx_hal_msp.c_save
2024-05-21 19:21:36,843 [INFO] CodeEngine:279 - Generated code: C:\Work_places\Nam3_ki2\He_Thong_Nhung_Giao_Tiep_VI_Su_Li\Final_Project\Hardware_Testing\STM32_uart\STM_GPS_ESFinal\STM_GPS_ESFinal\Core\Src\stm32f1xx_hal_msp.c
2024-05-21 19:21:36,875 [INFO] CodeEngine:255 - oldGeneratedFile, C:\Work_places\Nam3_ki2\He_Thong_Nhung_Giao_Tiep_VI_Su_Li\Final_Project\Hardware_Testing\STM32_uart\STM_GPS_ESFinal\STM_GPS_ESFinal\MXTmpFiles\system.tmp_save
2024-05-21 19:21:37,045 [INFO] CodeEngine:279 - Generated code: C:\Work_places\Nam3_ki2\He_Thong_Nhung_Giao_Tiep_VI_Su_Li\Final_Project\Hardware_Testing\STM32_uart\STM_GPS_ESFinal\STM_GPS_ESFinal\MXTmpFiles\system.tmp
2024-05-21 19:21:37,113 [INFO] CodeEngine:311 - oldGeneratedFile, C:\Work_places\Nam3_ki2\He_Thong_Nhung_Giao_Tiep_VI_Su_Li\Final_Project\Hardware_Testing\STM32_uart\STM_GPS_ESFinal\STM_GPS_ESFinal\Core\Inc\stm32f1xx_hal_conf.h_save
2024-05-21 19:21:37,317 [INFO] CodeEngine:335 - Generated code: C:\Work_places\Nam3_ki2\He_Thong_Nhung_Giao_Tiep_VI_Su_Li\Final_Project\Hardware_Testing\STM32_uart\STM_GPS_ESFinal\STM_GPS_ESFinal\Core\Inc\stm32f1xx_hal_conf.h
2024-05-21 19:21:37,428 [INFO] CodeEngine:255 - oldGeneratedFile, C:\Work_places\Nam3_ki2\He_Thong_Nhung_Giao_Tiep_VI_Su_Li\Final_Project\Hardware_Testing\STM32_uart\STM_GPS_ESFinal\STM_GPS_ESFinal\Core\Inc\main.h_save
2024-05-21 19:21:37,760 [INFO] CodeEngine:279 - Generated code: C:\Work_places\Nam3_ki2\He_Thong_Nhung_Giao_Tiep_VI_Su_Li\Final_Project\Hardware_Testing\STM32_uart\STM_GPS_ESFinal\STM_GPS_ESFinal\Core\Inc\main.h
2024-05-21 19:21:37,817 [INFO] CodeEngine:255 - oldGeneratedFile, C:\Work_places\Nam3_ki2\He_Thong_Nhung_Giao_Tiep_VI_Su_Li\Final_Project\Hardware_Testing\STM32_uart\STM_GPS_ESFinal\STM_GPS_ESFinal\Core\Src\main.c_save
2024-05-21 19:21:38,200 [INFO] CodeEngine:279 - Generated code: C:\Work_places\Nam3_ki2\He_Thong_Nhung_Giao_Tiep_VI_Su_Li\Final_Project\Hardware_Testing\STM32_uart\STM_GPS_ESFinal\STM_GPS_ESFinal\Core\Src\main.c
2024-05-21 19:21:39,172 [INFO] ProjectBuilder:3076 - Time for Copy HAL[1] : 260mS.
2024-05-21 19:21:39,180 [INFO] ProjectBuilder:4485 - Project Generator version: 4.2.0-B44
2024-05-21 19:21:39,709 [INFO] ConfigFileManager:1495 - The Die is : DIE410
2024-05-21 19:21:39,753 [INFO] ApiDbMcu:508 - Load IP Config File for FATFS
2024-05-21 19:21:39,775 [INFO] ApiDbMcu:508 - Load IP Config File for FREERTOS
2024-05-21 19:21:39,809 [INFO] ApiDbMcu:508 - Load IP Config File for USB_DEVICE
2024-05-21 19:21:41,990 [INFO] LogOutputStream:77 - [STDOUT_REDIRECT] 
2024-05-21 19:21:45,641 [INFO] ProjectBuilder:4747 - Time for Generating toolchain IDE Files: 6461mS.
2024-05-21 19:21:45,642 [INFO] ProjectBuilder:2947 - Time for Copy CMSIS : 0mS.
2024-05-21 19:21:45,644 [INFO] ProjectBuilder:2947 - Time for Copy CMSIS : 0mS.
2024-05-21 19:27:25,083 [INFO] NvicIntPanel:101 - NVIC parent = com.st.microxplorer.plugins.ip.nvic.MultiNvicIntPanel[,0,0,0x0,invalid,layout=javax.swing.BoxLayout,alignmentX=0.0,alignmentY=0.0,border=,flags=9,maximumSize=,minimumSize=,preferredSize=]
2024-05-21 19:27:25,136 [WARN] IP:2119 - I2C_Coeff_DF not found: check if there is a RefParameter without a condition.
2024-05-21 19:27:25,136 [WARN] IP:2119 - Analog_Filter not found: check if there is a RefParameter without a condition.
2024-05-21 19:27:25,137 [WARN] IP:2119 - I2C_Coeff_DF not found: check if there is a RefParameter without a condition.
2024-05-21 19:27:25,137 [WARN] IP:2119 - Analog_Filter not found: check if there is a RefParameter without a condition.
2024-05-21 19:27:25,212 [INFO] NvicIntPanel:101 - NVIC parent = com.st.microxplorer.plugins.ip.nvic.MultiNvicIntPanel[,0,0,0x0,invalid,layout=javax.swing.BoxLayout,alignmentX=0.0,alignmentY=0.0,border=,flags=9,maximumSize=,minimumSize=,preferredSize=]
2024-05-21 19:27:31,867 [INFO] UtilMem:75 - End SaveConfig() Used Memory: 875890112 Bytes (1073741824)
2024-05-21 19:27:32,634 [INFO] UtilMem:75 - End SaveConfig() Used Memory: 892014728 Bytes (1073741824)
2024-05-21 19:27:33,834 [INFO] UtilMem:75 - End SaveConfig() Used Memory: 633972208 Bytes (1073741824)
2024-05-21 19:27:34,238 [INFO] BlockDiagram:2759 - set Specific Code input for plugin: NVIC
2024-05-21 19:27:34,239 [INFO] BlockDiagram:2759 - set Specific Code input for plugin: USART
2024-05-21 19:27:34,239 [INFO] BlockDiagram:2759 - set Specific Code input for plugin: USART
2024-05-21 19:27:34,239 [INFO] BlockDiagram:2759 - set Specific Code input for plugin: SYS
2024-05-21 19:27:34,240 [INFO] BlockDiagram:2759 - set Specific Code input for plugin: GPIO
2024-05-21 19:27:34,240 [INFO] BlockDiagram:2759 - set Specific Code input for plugin: RCC
2024-05-21 19:27:34,240 [INFO] BlockDiagram:2759 - set Specific Code input for plugin: I2C
2024-05-21 19:27:34,242 [INFO] CodeGenerator:807 - code generatio: config db path: C:\ST\STM32CubeIDE_1.14.1\STM32CubeIDE\plugins\com.st.stm32cube.common.mx_6.10.0.202311202037\\db\
2024-05-21 19:27:34,244 [WARN] IP:2119 - I2C_Coeff_DF not found: check if there is a RefParameter without a condition.
2024-05-21 19:27:34,244 [WARN] IP:2119 - Analog_Filter not found: check if there is a RefParameter without a condition.
2024-05-21 19:27:34,527 [INFO] CodeEngine:255 - oldGeneratedFile, C:\Work_places\Nam3_ki2\He_Thong_Nhung_Giao_Tiep_VI_Su_Li\Final_Project\Hardware_Testing\STM32_uart\STM_GPS_ESFinal\STM_GPS_ESFinal\MXTmpFiles\license.tmp_save
2024-05-21 19:27:34,724 [INFO] CodeEngine:279 - Generated code: C:\Work_places\Nam3_ki2\He_Thong_Nhung_Giao_Tiep_VI_Su_Li\Final_Project\Hardware_Testing\STM32_uart\STM_GPS_ESFinal\STM_GPS_ESFinal\MXTmpFiles\license.tmp
2024-05-21 19:27:34,776 [INFO] CodeEngine:255 - oldGeneratedFile, C:\Work_places\Nam3_ki2\He_Thong_Nhung_Giao_Tiep_VI_Su_Li\Final_Project\Hardware_Testing\STM32_uart\STM_GPS_ESFinal\STM_GPS_ESFinal\MXTmpFiles\gpio.tmp_save
2024-05-21 19:27:35,079 [INFO] CodeEngine:279 - Generated code: C:\Work_places\Nam3_ki2\He_Thong_Nhung_Giao_Tiep_VI_Su_Li\Final_Project\Hardware_Testing\STM32_uart\STM_GPS_ESFinal\STM_GPS_ESFinal\MXTmpFiles\gpio.tmp
2024-05-21 19:27:35,298 [INFO] CodeEngine:255 - oldGeneratedFile, C:\Work_places\Nam3_ki2\He_Thong_Nhung_Giao_Tiep_VI_Su_Li\Final_Project\Hardware_Testing\STM32_uart\STM_GPS_ESFinal\STM_GPS_ESFinal\Core\Src\stm32f1xx_it.c_save
2024-05-21 19:27:35,576 [INFO] CodeEngine:279 - Generated code: C:\Work_places\Nam3_ki2\He_Thong_Nhung_Giao_Tiep_VI_Su_Li\Final_Project\Hardware_Testing\STM32_uart\STM_GPS_ESFinal\STM_GPS_ESFinal\Core\Src\stm32f1xx_it.c
2024-05-21 19:27:35,587 [INFO] CodeEngine:255 - oldGeneratedFile, C:\Work_places\Nam3_ki2\He_Thong_Nhung_Giao_Tiep_VI_Su_Li\Final_Project\Hardware_Testing\STM32_uart\STM_GPS_ESFinal\STM_GPS_ESFinal\Core\Inc\stm32f1xx_it.h_save
2024-05-21 19:27:35,724 [INFO] CodeEngine:279 - Generated code: C:\Work_places\Nam3_ki2\He_Thong_Nhung_Giao_Tiep_VI_Su_Li\Final_Project\Hardware_Testing\STM32_uart\STM_GPS_ESFinal\STM_GPS_ESFinal\Core\Inc\stm32f1xx_it.h
2024-05-21 19:27:35,758 [INFO] CodeEngine:255 - oldGeneratedFile, C:\Work_places\Nam3_ki2\He_Thong_Nhung_Giao_Tiep_VI_Su_Li\Final_Project\Hardware_Testing\STM32_uart\STM_GPS_ESFinal\STM_GPS_ESFinal\Core\Src\stm32f1xx_hal_msp.c_save
2024-05-21 19:27:35,965 [INFO] CodeEngine:279 - Generated code: C:\Work_places\Nam3_ki2\He_Thong_Nhung_Giao_Tiep_VI_Su_Li\Final_Project\Hardware_Testing\STM32_uart\STM_GPS_ESFinal\STM_GPS_ESFinal\Core\Src\stm32f1xx_hal_msp.c
2024-05-21 19:27:35,971 [INFO] CodeEngine:255 - oldGeneratedFile, C:\Work_places\Nam3_ki2\He_Thong_Nhung_Giao_Tiep_VI_Su_Li\Final_Project\Hardware_Testing\STM32_uart\STM_GPS_ESFinal\STM_GPS_ESFinal\MXTmpFiles\system.tmp_save
2024-05-21 19:27:36,081 [INFO] CodeEngine:279 - Generated code: C:\Work_places\Nam3_ki2\He_Thong_Nhung_Giao_Tiep_VI_Su_Li\Final_Project\Hardware_Testing\STM32_uart\STM_GPS_ESFinal\STM_GPS_ESFinal\MXTmpFiles\system.tmp
2024-05-21 19:27:36,116 [INFO] CodeEngine:311 - oldGeneratedFile, C:\Work_places\Nam3_ki2\He_Thong_Nhung_Giao_Tiep_VI_Su_Li\Final_Project\Hardware_Testing\STM32_uart\STM_GPS_ESFinal\STM_GPS_ESFinal\Core\Inc\stm32f1xx_hal_conf.h_save
2024-05-21 19:27:36,308 [INFO] CodeEngine:335 - Generated code: C:\Work_places\Nam3_ki2\He_Thong_Nhung_Giao_Tiep_VI_Su_Li\Final_Project\Hardware_Testing\STM32_uart\STM_GPS_ESFinal\STM_GPS_ESFinal\Core\Inc\stm32f1xx_hal_conf.h
2024-05-21 19:27:36,381 [INFO] CodeEngine:255 - oldGeneratedFile, C:\Work_places\Nam3_ki2\He_Thong_Nhung_Giao_Tiep_VI_Su_Li\Final_Project\Hardware_Testing\STM32_uart\STM_GPS_ESFinal\STM_GPS_ESFinal\Core\Inc\main.h_save
2024-05-21 19:27:36,599 [INFO] CodeEngine:279 - Generated code: C:\Work_places\Nam3_ki2\He_Thong_Nhung_Giao_Tiep_VI_Su_Li\Final_Project\Hardware_Testing\STM32_uart\STM_GPS_ESFinal\STM_GPS_ESFinal\Core\Inc\main.h
2024-05-21 19:27:36,631 [INFO] CodeEngine:255 - oldGeneratedFile, C:\Work_places\Nam3_ki2\He_Thong_Nhung_Giao_Tiep_VI_Su_Li\Final_Project\Hardware_Testing\STM32_uart\STM_GPS_ESFinal\STM_GPS_ESFinal\Core\Src\main.c_save
2024-05-21 19:27:36,882 [INFO] CodeEngine:279 - Generated code: C:\Work_places\Nam3_ki2\He_Thong_Nhung_Giao_Tiep_VI_Su_Li\Final_Project\Hardware_Testing\STM32_uart\STM_GPS_ESFinal\STM_GPS_ESFinal\Core\Src\main.c
2024-05-21 19:27:37,718 [INFO] ProjectBuilder:3076 - Time for Copy HAL[1] : 172mS.
2024-05-21 19:27:37,725 [INFO] ProjectBuilder:4485 - Project Generator version: 4.2.0-B44
2024-05-21 19:27:38,281 [INFO] ConfigFileManager:1495 - The Die is : DIE410
2024-05-21 19:27:41,022 [INFO] ProjectBuilder:4747 - Time for Generating toolchain IDE Files: 3297mS.
2024-05-21 19:27:41,024 [INFO] ProjectBuilder:2947 - Time for Copy CMSIS : 1mS.
2024-05-21 19:27:41,029 [INFO] ProjectBuilder:2947 - Time for Copy CMSIS : 0mS.
2024-05-21 19:51:40,569 [ERROR] LogOutputStream:75 - [STDERR_REDIRECT] 
2024-05-21 19:51:40,570 [ERROR] LogOutputStream:75 - [STDERR_REDIRECT] 
